<?xml version="1.0" encoding="UTF-8"?>
<!-- Generated by org.testng.reporters.JUnitReportReporter -->
<testsuite hostname="ISTHYDPC66" failures="0" tests="1" name="TestNG.Account_Management" time="115.845" errors="0" timestamp="2024-05-08T15:02:28 IST" skipped="0">
  <testcase classname="TestNG.Account_Management" name="formSettings" time="115.845"/>
</testsuite> <!-- TestNG.Account_Management -->
