<?xml version="1.0" encoding="UTF-8"?>
<!-- Generated by org.testng.reporters.JUnitReportReporter -->
<testsuite hostname="ISTHYDPC42" failures="0" tests="1" name="TestNG.FormCreation" time="143.177" errors="0" timestamp="2024-06-13T16:20:38 IST" skipped="0">
  <testcase classname="TestNG.FormCreation" name="CreateForm" time="143.177"/>
  <system-out/>
</testsuite> <!-- TestNG.FormCreation -->
